<?xml version="1.0" encoding="UTF-8"?>
<testsuite xmlns:xsi="http://www.w3.org/2001/XMLSchema-instance" xsi:noNamespaceSchemaLocation="https://maven.apache.org/surefire/maven-surefire-plugin/xsd/surefire-test-report.xsd" version="3.0.2" name="com.hmyndooo.account.service.core.AccountServiceJUnitTest" time="0.177" tests="5" errors="0" skipped="0" failures="0">
  <properties>
[...]
</properties>
  <testcase name="testRegisterAccount(String, String, String, boolean)[1]" classname="com.hmyndooo.account.service.core.AccountServiceJUnitTest" time="0.059"/>
  <testcase name="testRegisterAccount(String, String, String, boolean)[2]" classname="com.hmyndooo.account.service.core.AccountServiceJUnitTest" time="0.002"/>
  <testcase name="testRegisterAccount(String, String, String, boolean)[3]" classname="com.hmyndooo.account.service.core.AccountServiceJUnitTest" time="0.001"/>
  <testcase name="testRegisterAccount(String, String, String, boolean)[4]" classname="com.hmyndooo.account.service.core.AccountServiceJUnitTest" time="0.002"/>
  <testcase name="testRegisterAccount(String, String, String, boolean)[5]" classname="com.hmyndooo.account.service.core.AccountServiceJUnitTest" time="0.001"/>
</testsuite>