<?xml version="1.0" encoding="UTF-8"?>
<testsuite xmlns:xsi="http://www.w3.org/2001/XMLSchema-instance" xsi:noNamespaceSchemaLocation="https://maven.apache.org/surefire/maven-surefire-plugin/xsd/surefire-test-report.xsd" version="3.0.2" name="com.hmyndooo.mathutil.MathUtilTestDTT" time="0.201" tests="6" errors="0" skipped="0" failures="0">
  <properties>
[...]
</properties>
  <testcase name="testGetFactorialGivenRightArgReturnWell(int, long)[1]" classname="com.hmyndooo.mathutil.MathUtilTestDTT" time="0.077"/>
  <testcase name="testGetFactorialGivenRightArgReturnWell(int, long)[2]" classname="com.hmyndooo.mathutil.MathUtilTestDTT" time="0.002"/>
  <testcase name="testGetFactorialGivenRightArgReturnWell(int, long)[3]" classname="com.hmyndooo.mathutil.MathUtilTestDTT" time="0.012"/>
  <testcase name="testGetFactorialGivenRightArgReturnWell(int, long)[4]" classname="com.hmyndooo.mathutil.MathUtilTestDTT" time="0.002"/>
  <testcase name="testGetFactorialGivenRightArgReturnWell(int, long)[5]" classname="com.hmyndooo.mathutil.MathUtilTestDTT" time="0.002"/>
  <testcase name="testGetFactorialGivenWrongArgThrowException" classname="com.hmyndooo.mathutil.MathUtilTestDTT" time="0.009"/>
</testsuite>